2021-12-03 22:58:28 TRACE 288750  fd = 3 events = 3 -- Poller.cc:58
2021-12-03 22:58:28 TRACE 288750  EventLoop created 0x7FFF284E18F0 in thread 288750 -- EventLoop.cc:45
2021-12-03 22:58:28 TRACE 288750  fd = 5 events = 3 -- Poller.cc:58
2021-12-03 22:58:28 DEBUG 288750  ctor[0x561F2E047980] -- Connector.cc:25
2021-12-03 22:58:28 DEBUG 288750  TcpClient::TcpClient[0x7FFF284E1980] - connector 0x561F2E047980 -- TcpClient.cc:42
2021-12-03 22:58:28 DEBUG 288750  TcpClient::connect[0x7FFF284E1980] - connecting to 127.0.0.1:9981 -- TcpClient.cc:67
2021-12-03 22:58:28 TRACE 288750  fd = 6 events = 4 -- Poller.cc:58
2021-12-03 22:58:28 TRACE 288750  1 events happended -- Poller.cc:26
2021-12-03 22:58:28 TRACE 288750  Connector::handleWrite 1 -- Connector.cc:130
2021-12-03 22:58:28 TRACE 288750  fd = 6 events = 0 -- Poller.cc:58
2021-12-03 22:58:28 TRACE 288750  fd = 6 -- Poller.cc:89
2021-12-03 22:58:28 DEBUG 288750  TcpConnection::ctor[:127.0.0.1:9981#1] at 0x561F2E047BE0 fd=6 -- TcpConnection.cc:39
2021-12-03 22:58:28 TRACE 288750  fd = 6 events = 3 -- Poller.cc:58
2021-12-03 22:59:19 TRACE 288750   nothing happended -- Poller.cc:29
2021-12-03 23:00:09 TRACE 288750   nothing happended -- Poller.cc:29
2021-12-03 23:00:19 TRACE 288750  1 events happended -- Poller.cc:26
2021-12-03 23:00:19 TRACE 288750  TcpConnection::handleClose state = 1 -- TcpConnection.cc:189
2021-12-03 23:00:19 TRACE 288750  fd = 6 events = 0 -- Poller.cc:58
2021-12-03 23:00:19 DEBUG 288750  TcpClient::connect[0x7FFF284E1980] - Reconnecting to 127.0.0.1:9981 -- TcpClient.cc:129
2021-12-03 23:00:19 TRACE 288750  fd = 7 events = 4 -- Poller.cc:58
2021-12-03 23:00:19 TRACE 288750  fd = 6 events = 0 -- Poller.cc:58
2021-12-03 23:00:19 TRACE 288750  fd = 6 -- Poller.cc:89
2021-12-03 23:00:19 DEBUG 288750  TcpConnection::dtor[:127.0.0.1:9981#1] at 0x561F2E047BE0 fd=6 -- TcpConnection.cc:52
2021-12-03 23:00:19 TRACE 288750  1 events happended -- Poller.cc:26
2021-12-03 23:00:19 DEBUG 288750  Channel::handle_event() POLLHUP -- Channel.cc:71
2021-12-03 23:00:19 ERROR 288750  Connector::handleError -- Connector.cc:161
2021-12-03 23:00:19 TRACE 288750  fd = 7 events = 0 -- Poller.cc:58
2021-12-03 23:00:19 TRACE 288750  fd = 7 -- Poller.cc:89
2021-12-03 23:00:19 TRACE 288750  SO_ERROR = 111 Connection refused -- Connector.cc:166
2021-12-03 23:00:19 TRACE 288750  Connector::retry - Retry connecting to 127.0.0.1:9981 in 500 milliseconds.  -- Connector.cc:176
2021-12-03 23:00:19 TRACE 288750  Connector::handleWrite 0 -- Connector.cc:130
2021-12-03 23:00:19 TRACE 288750  1 events happended -- Poller.cc:26
2021-12-03 23:00:19 TRACE 288750  TimerQueue::handleRead() 1 at 1638543619.942144 -- TimerQueue.cc:47
2021-12-03 23:00:19 TRACE 288750  fd = 6 events = 4 -- Poller.cc:58
2021-12-03 23:00:19 TRACE 288750  1 events happended -- Poller.cc:26
2021-12-03 23:00:19 DEBUG 288750  Channel::handle_event() POLLHUP -- Channel.cc:71
2021-12-03 23:00:19 ERROR 288750  Connector::handleError -- Connector.cc:161
2021-12-03 23:00:19 TRACE 288750  fd = 6 events = 0 -- Poller.cc:58
2021-12-03 23:00:19 TRACE 288750  fd = 6 -- Poller.cc:89
2021-12-03 23:00:19 TRACE 288750  SO_ERROR = 111 Connection refused -- Connector.cc:166
2021-12-03 23:00:19 TRACE 288750  Connector::retry - Retry connecting to 127.0.0.1:9981 in 1000 milliseconds.  -- Connector.cc:176
2021-12-03 23:00:19 TRACE 288750  Connector::handleWrite 0 -- Connector.cc:130
