2021-11-28 11:06:33 DEBUG  progame has been started -- test.cc:24
2021-11-28 11:06:33 DEBUG  WAIT FOR 3 SECONDS -- test.cc:40
2021-11-28 11:06:36 DEBUG  WAIT FOR 3 SECONDS -- test.cc:40
2021-11-28 11:06:39 DEBUG  WAIT FOR 3 SECONDS -- test.cc:40
2021-11-28 11:06:42 DEBUG  WAIT FOR 3 SECONDS -- test.cc:40
2021-11-28 11:06:45 DEBUG  WAIT FOR 3 SECONDS -- test.cc:40
2021-11-28 11:06:48 DEBUG  WAIT FOR 3 SECONDS -- test.cc:40
2021-11-28 11:08:57 DEBUG progame has been started -- test.cc:24
2021-11-28 11:08:57 TRACE   -- test.cc:26
2021-11-28 11:08:57 FATAL   -- test.cc:27
2021-11-28 11:08:57 DEBUG WAIT FOR 3 SECONDS -- test.cc:42
2021-11-28 11:09:00 DEBUG WAIT FOR 3 SECONDS -- test.cc:42
2021-11-28 11:09:03 DEBUG WAIT FOR 3 SECONDS -- test.cc:42
2021-11-28 11:09:06 DEBUG WAIT FOR 3 SECONDS -- test.cc:42
2021-11-28 11:09:09 DEBUG WAIT FOR 3 SECONDS -- test.cc:42
2021-11-28 11:09:12 DEBUG WAIT FOR 3 SECONDS -- test.cc:42
2021-11-28 11:09:15 DEBUG WAIT FOR 3 SECONDS -- test.cc:42
2021-11-28 11:09:18 DEBUG WAIT FOR 3 SECONDS -- test.cc:42
2021-11-28 11:13:34 DEBUG 130939progame has been started -- test.cc:24
2021-11-28 11:13:34 TRACE 130939  -- test.cc:26
2021-11-28 11:13:34 FATAL 130939  -- test.cc:27
2021-11-28 11:13:34 DEBUG 130939WAIT FOR 3 SECONDS -- test.cc:42
2021-11-28 11:13:37 DEBUG 130939WAIT FOR 3 SECONDS -- test.cc:42
2021-11-28 11:13:40 DEBUG 130939WAIT FOR 3 SECONDS -- test.cc:42
2021-11-28 11:13:43 DEBUG 130939WAIT FOR 3 SECONDS -- test.cc:42
2021-11-28 11:13:46 DEBUG 130939WAIT FOR 3 SECONDS -- test.cc:42
2021-11-28 11:14:12 DEBUG 131061 progame has been started -- test.cc:24
2021-11-28 11:14:12 TRACE 131061   -- test.cc:26
2021-11-28 11:14:12 FATAL 131061   -- test.cc:27
2021-11-28 11:14:12 DEBUG 131061 WAIT FOR 3 SECONDS -- test.cc:42
2021-11-28 11:14:15 DEBUG 131061 WAIT FOR 3 SECONDS -- test.cc:42
2021-11-28 11:14:18 DEBUG 131061 WAIT FOR 3 SECONDS -- test.cc:42
2021-11-28 11:14:21 DEBUG 131061 WAIT FOR 3 SECONDS -- test.cc:42
2021-11-28 11:14:24 DEBUG 131061 WAIT FOR 3 SECONDS -- test.cc:42
2021-11-28 11:14:27 DEBUG 131061 WAIT FOR 3 SECONDS -- test.cc:42
2021-11-28 11:14:30 DEBUG 131061 WAIT FOR 3 SECONDS -- test.cc:42
2021-11-28 11:14:33 DEBUG 131061 WAIT FOR 3 SECONDS -- test.cc:42
2021-11-28 11:14:36 DEBUG 131061 WAIT FOR 3 SECONDS -- test.cc:42
2021-11-28 11:17:16 DEBUG 131287  progame has been started -- test.cc:24
2021-11-28 11:17:16 TRACE 131287    -- test.cc:26
2021-11-28 11:17:16 FATAL 131287    -- test.cc:27
2021-11-28 11:17:16 DEBUG 131287  WAIT FOR 3 SECONDS -- test.cc:42
2021-11-28 11:17:19 DEBUG 131287  WAIT FOR 3 SECONDS -- test.cc:42
2021-11-28 11:17:22 DEBUG 131287  WAIT FOR 3 SECONDS -- test.cc:42
2021-11-28 11:17:25 DEBUG 131287  WAIT FOR 3 SECONDS -- test.cc:42
2021-11-28 11:17:28 DEBUG 131287  WAIT FOR 3 SECONDS -- test.cc:42
2021-11-28 11:17:31 DEBUG 131287  WAIT FOR 3 SECONDS -- test.cc:42
2021-11-28 11:19:23 DEBUG 131469  progame has been started -- test.cc:24
2021-11-28 11:19:23 TRACE 131469    -- test.cc:26
2021-11-28 11:19:23 FATAL 131469    -- test.cc:27
2021-11-28 11:19:23 DEBUG 131469  WAIT FOR 3 SECONDS -- test.cc:42
2021-11-28 11:19:26 DEBUG 131469  WAIT FOR 3 SECONDS -- test.cc:42
2021-11-28 11:19:29 DEBUG 131469  WAIT FOR 3 SECONDS -- test.cc:42
2021-11-28 11:19:32 DEBUG 131469  WAIT FOR 3 SECONDS -- test.cc:42
2021-11-28 11:19:35 DEBUG 131469  WAIT FOR 3 SECONDS -- test.cc:42
2021-11-28 11:22:05 DEBUG 131611  progame has been started -- test.cc:24
2021-11-28 11:22:05 TRACE 131611    -- test.cc:26
2021-11-28 11:22:05 FATAL 131611    -- test.cc:27
2021-11-28 11:22:05 DEBUG 131611  WAIT FOR 3 SECONDS -- test.cc:42
2021-11-28 11:22:08 DEBUG 131611  WAIT FOR 3 SECONDS -- test.cc:42
2021-11-28 11:22:11 DEBUG 131611  WAIT FOR 3 SECONDS -- test.cc:42
2021-11-28 11:23:33 DEBUG 131762  progame has been started -- test.cc:24
2021-11-28 11:23:33 TRACE 131762    -- test.cc:26
2021-11-28 11:23:33 FATAL 131762    -- test.cc:27
2021-11-28 11:23:33 DEBUG 131762  WAIT FOR 3 SECONDS -- test.cc:42
2021-11-28 11:23:36 DEBUG 131762  WAIT FOR 3 SECONDS -- test.cc:42
2021-11-28 11:23:39 DEBUG 131762  WAIT FOR 3 SECONDS -- test.cc:42
2021-11-28 11:23:42 DEBUG 131762  WAIT FOR 3 SECONDS -- test.cc:42
2021-11-28 11:24:05 DEBUG 131880  progame has been started -- test.cc:24
2021-11-28 11:24:05 TRACE 131880    -- test.cc:26
2021-11-28 11:24:05 FATAL 131880    -- test.cc:27
2021-11-28 11:24:05 DEBUG 131880  WAIT FOR 3 SECONDS -- test.cc:42
2021-11-28 11:24:08 DEBUG 131880  WAIT FOR 3 SECONDS -- test.cc:42
2021-11-28 11:24:11 DEBUG 131880  WAIT FOR 3 SECONDS -- test.cc:42
2021-11-28 11:24:14 DEBUG 131880  WAIT FOR 3 SECONDS -- test.cc:42
2021-11-28 11:24:17 DEBUG 131880  WAIT FOR 3 SECONDS -- test.cc:42
2021-11-28 11:24:20 DEBUG 131880  WAIT FOR 3 SECONDS -- test.cc:42
2021-11-28 11:24:23 DEBUG 131880  WAIT FOR 3 SECONDS -- test.cc:42
